\BOOKMARK [0][-]{chapter*.4}{\376\377\000I\000n\000t\000r\000o\000d\000u\000c\000t\000i\000o\000n}{}% 1
\BOOKMARK [0][-]{chapter*.5}{\376\377\000B\000a\000c\000k\000g\000r\000o\000u\000n\000d}{}% 2
\BOOKMARK [1][-]{section.1.1}{\376\377\000L\000i\000t\000e\000r\000a\000t\000u\000r\000e\000\040\000R\000e\000v\000i\000e\000w}{chapter*.5}% 3
\BOOKMARK [2][-]{subsection.1.1.1}{\376\377\000M\000A\000R\000I\000A\000\040\000M\0004}{section.1.1}% 4
\BOOKMARK [2][-]{subsection.1.1.2}{\376\377\000W\000a\000v\000e\000l\000i\000a}{section.1.1}% 5
\BOOKMARK [2][-]{subsection.1.1.3}{\376\377\000T\000S\000A\000R}{section.1.1}% 6
\BOOKMARK [2][-]{subsection.1.1.4}{\376\377\000B\000e\000a\000m\000f\000o\000r\000m\000e\000r\000s}{section.1.1}% 7
\BOOKMARK [3][-]{figure.caption.12}{\376\377\000D\000e\000l\000a\000y\000\040\000a\000n\000d\000\040\000S\000u\000m}{subsection.1.1.4}% 8
\BOOKMARK [3][-]{equation.1.2}{\376\377\000W\000e\000i\000g\000h\000t\000e\000d\000\040\000D\000e\000l\000a\000y\000\040\000a\000n\000d\000\040\000S\000u\000m\000\040\000B\000e\000a\000m\000f\000o\000r\000m\000e\000r}{subsection.1.1.4}% 9
\BOOKMARK [3][-]{equation.1.4}{\376\377\000D\000e\000l\000a\000y\000\040\000M\000u\000l\000t\000i\000p\000l\000y\000\040\000a\000n\000d\000\040\000S\000u\000m}{subsection.1.1.4}% 10
\BOOKMARK [0][-]{chapter*.14}{\376\377\000J\000u\000l\000i\000a}{}% 11
\BOOKMARK [1][-]{section.2.1}{\376\377\000W\000h\000y\000\040\000J\000u\000l\000i\000a\000?}{chapter*.14}% 12
\BOOKMARK [2][-]{subsection.2.1.1}{\376\377\000P\000y\000t\000h\000o\000n}{section.2.1}% 13
\BOOKMARK [2][-]{subsection.2.1.2}{\376\377\000M\000A\000T\000L\000A\000B}{section.2.1}% 14
\BOOKMARK [2][-]{subsection.2.1.3}{\376\377\000J\000u\000l\000i\000a}{section.2.1}% 15
\BOOKMARK [1][-]{section.2.2}{\376\377\000F\000e\000a\000t\000u\000r\000e\000s\000\040\000i\000n\000\040\000J\000u\000l\000i\000a}{chapter*.14}% 16
\BOOKMARK [2][-]{subsection.2.2.1}{\376\377\000M\000u\000l\000t\000i\000p\000l\000e\000\040\000D\000i\000s\000p\000a\000t\000c\000h}{section.2.2}% 17
\BOOKMARK [2][-]{subsection.2.2.2}{\376\377\000T\000y\000p\000e\000\040\000H\000e\000i\000r\000a\000r\000c\000h\000y}{section.2.2}% 18
\BOOKMARK [2][-]{subsection.2.2.3}{\376\377\000P\000a\000r\000a\000m\000e\000t\000r\000i\000c\000\040\000P\000o\000l\000y\000m\000o\000r\000p\000h\000i\000s\000m}{section.2.2}% 19
\BOOKMARK [2][-]{subsection.2.2.4}{\376\377\000T\000y\000p\000e\000\040\000S\000t\000a\000b\000i\000l\000i\000t\000y}{section.2.2}% 20
\BOOKMARK [2][-]{subsection.2.2.5}{\376\377\000C\000l\000o\000s\000u\000r\000e}{section.2.2}% 21
\BOOKMARK [2][-]{subsection.2.2.6}{\376\377\000T\000y\000p\000e\000\040\000S\000a\000f\000e\000t\000y}{section.2.2}% 22
\BOOKMARK [2][-]{subsection.2.2.7}{\376\377\000C\000u\000s\000t\000o\000m\000i\000z\000a\000b\000i\000l\000i\000t\000y}{section.2.2}% 23
\BOOKMARK [1][-]{section.3.1}{\376\377\000C\000u\000r\000r\000e\000n\000t\000\040\000W\000o\000r\000k\000f\000l\000o\000w}{chapter*.14}% 24
\BOOKMARK [2][-]{subsection.3.1.1}{\376\377\000M\000E\000R\000I\000T\000.\000j\000l\000\040\000R\000e\000s\000u\000l\000t\000s}{section.3.1}% 25
\BOOKMARK [2][-]{subsection.3.1.2}{\376\377\000P\000e\000r\000f\000o\000r\000m\000a\000n\000c\000e\000\040\000o\000f\000\040\000M\000E\000R\000I\000T\000.\000j\000l}{section.3.1}% 26
\BOOKMARK [1][-]{section.4.1}{\376\377\000T\000i\000m\000e\000\040\000D\000o\000m\000a\000i\000n\000\040\000I\000m\000p\000l\000i\000m\000e\000n\000t\000a\000t\000i\000o\000n}{chapter*.14}% 27
\BOOKMARK [1][-]{section.4.2}{\376\377\000I\000m\000p\000l\000i\000m\000e\000n\000t\000a\000t\000i\000o\000n\000\040\000o\000f\000\040\000M\000o\000r\000e\000\040\000B\000e\000a\000m\000f\000o\000r\000m\000e\000r\000s}{chapter*.14}% 28
\BOOKMARK [1][-]{section.4.3}{\376\377\000P\000a\000r\000a\000l\000l\000e\000l\000\040\000P\000r\000o\000c\000e\000s\000s\000i\000n\000g}{chapter*.14}% 29
